#
# A fatal error has been detected by the Java Runtime Environment:
#
#  SIGILL (0x4) at pc=0x00007fff926111da, pid=65133, tid=1811
#
# JRE version: Java(TM) SE Runtime Environment (8.0_20-b26) (build 1.8.0_20-b26)
# Java VM: Java HotSpot(TM) 64-Bit Server VM (25.20-b23 mixed mode bsd-amd64 compressed oops)
# Problematic frame:
# C  [libobjc.A.dylib+0x111da]  _objc_trap()+0x0
#
# Failed to write core dump. Core dumps have been disabled. To enable core dumping, try "ulimit -c unlimited" before starting Java again
#
# If you would like to submit a bug report, please visit:
#   http://bugreport.sun.com/bugreport/crash.jsp
# The crash happened outside the Java Virtual Machine in native code.
# See problematic frame for where to report the bug.
#

---------------  T H R E A D  ---------------

Current thread (0x00007f9dd38b0000):  JavaThread "AppKit Thread" daemon [_thread_in_native, id=1811, stack(0x00007fff5acaa000,0x00007fff5b4aa000)]

siginfo: si_signo: 4 (SIGILL), si_code: 1 (ILL_ILLOPC), si_addr: 0x00007fff926111da

Registers:
RAX=0x0000000000000000, RBX=0x00007f9dd4803bc0, RCX=0x0000000000000000, RDX=0x00007fff763241e0
RSP=0x00007fff5b4a43d8, RBP=0x00007fff5b4a44c0, RSI=0x0000010000000100, RDI=0x0000000000000103
R8 =0x00007fff5b4a4380, R9 =0x00000000ffffff00, R10=0x0000000000000000, R11=0x00007f9dd490adc0
R12=0x00007fff75e47070, R13=0x00007fff7632de80, R14=0x00007fff7632ef28, R15=0x00007f9dd4807388
RIP=0x00007fff926111da, EFLAGS=0x0000000000010206, ERR=0x0000000000000000
  TRAPNO=0x0000000000000006

Top of Stack: (sp=0x00007fff5b4a43d8)
0x00007fff5b4a43d8:   00007fff9261131a 0000000000000000
0x00007fff5b4a43e8:   00007f9dd4803bc0 00007fff92578431
0x00007fff5b4a43f8:   00007fff92578431 000000000000005f
0x00007fff5b4a4408:   00007f9dd4803bc0 00007fff5b4a4440
0x00007fff5b4a4418:   00007fff92620015 00007fff5b4a4480
0x00007fff5b4a4428:   00007fff9261491f 00007fff7632ef10
0x00007fff5b4a4438:   00007fff75e47070 00007fff5b4a44a0
0x00007fff5b4a4448:   00007f9dd4807388 00007fff5b4a4480
0x00007fff5b4a4458:   00007fff92578431 00007fff92578431
0x00007fff5b4a4468:   0000000000000000 00007fff76306940
0x00007fff5b4a4478:   00007f9dd4807388 00007fff5b4a44c0
0x00007fff5b4a4488:   00007fff9261585f 00007f9dd490bf60
0x00007fff5b4a4498:   00007f9dd490c290 0000003000000018
0x00007fff5b4a44a8:   00007fff5b4a44d0 00007fff5b4a43e0
0x00007fff5b4a44b8:   00007f9dd4807388 00007fff5b4a4530
0x00007fff5b4a44c8:   00007fff92609277 0000000000000000
0x00007fff5b4a44d8:   00007f9dd2ceed00 00007fff7632de80
0x00007fff5b4a44e8:   00007f9dd4807308 00007fff5b4a4550
0x00007fff5b4a44f8:   00007fff92609111 ee00f35736152985
0x00007fff5b4a4508:   00007fff7632de80 0000000000000000
0x00007fff5b4a4518:   00007fff7632de80 00007f9dd4807388
0x00007fff5b4a4528:   00007fff7632ef00 00007fff5b4a4590
0x00007fff5b4a4538:   00007fff926090b7 000000000000000b
0x00007fff5b4a4548:   00007f9dd4803bc0 0000000000001080
0x00007fff5b4a4558:   00007f9dd4807388 000000000000000b
0x00007fff5b4a4568:   00007f9dd2de2d70 0000000000000000
0x00007fff5b4a4578:   00007f9dd2cb1f80 00007f9dd4807180
0x00007fff5b4a4588:   00007f9dd4803bc0 00007fff5b4a45d0
0x00007fff5b4a4598:   00007fff87b9452c 00007f9dd2de2d70
0x00007fff5b4a45a8:   0000000000000000 00007f9dd4803bc0
0x00007fff5b4a45b8:   00007fff926010c0 00007f9dd2de2d70
0x00007fff5b4a45c8:   00007fff7631d9d8 00007fff5b4a4600 

Instructions: (pc=0x00007fff926111da)
0x00007fff926111ba:   c0 44 89 f2 e8 0d f7 00 00 48 8b 7d e0 e8 30 cc
0x00007fff926111ca:   ff ff 48 8b 7d e0 e8 03 23 ff ff e8 00 00 00 00
0x00007fff926111da:   0f 0b 55 48 89 e5 48 81 ec d0 00 00 00 84 c0 74
0x00007fff926111ea:   26 0f 29 85 60 ff ff ff 0f 29 8d 70 ff ff ff 0f 

Register to memory mapping:

RAX=0x0000000000000000 is an unknown value
RBX=0x00007f9dd4803bc0 is an unknown value
RCX=0x0000000000000000 is an unknown value
RDX=0x00007fff763241e0: _ZZL14_objc_crashlogPKcE13crashlog_lock+0x20 in /usr/lib/libobjc.A.dylib at 0x00007fff92600000
RSP=0x00007fff5b4a43d8 is pointing into the stack for thread: 0x00007f9dd38b0000
RBP=0x00007fff5b4a44c0 is pointing into the stack for thread: 0x00007f9dd38b0000
RSI=0x0000010000000100 is an unknown value
RDI=0x0000000000000103 is an unknown value
R8 =0x00007fff5b4a4380 is pointing into the stack for thread: 0x00007f9dd38b0000
R9 =0x00000000ffffff00 is an unknown value
R10=0x0000000000000000 is an unknown value
R11=0x00007f9dd490adc0 is an unknown value
R12=0x00007fff75e47070: __stack_chk_guard+0 in /usr/lib/system/libsystem_c.dylib at 0x00007fff9003d000
R13=0x00007fff7632de80: _ZN12_GLOBAL__N_19SideTable9table_bufE+0 in /usr/lib/libobjc.A.dylib at 0x00007fff92600000
R14=0x00007fff7632ef28: _ZN12_GLOBAL__N_19SideTable9table_bufE+0x10a8 in /usr/lib/libobjc.A.dylib at 0x00007fff92600000
R15=0x00007f9dd4807388 is an unknown value


Stack: [0x00007fff5acaa000,0x00007fff5b4aa000],  sp=0x00007fff5b4a43d8,  free space=8168k
Native frames: (J=compiled Java code, j=interpreted, Vv=VM code, C=native code)
C  [libobjc.A.dylib+0x111da]  _objc_trap()+0x0
C  [libobjc.A.dylib+0x9277]  class_getMethodImplementation+0x0
C  [libobjc.A.dylib+0x90b7]  objc_storeWeak+0xe9
C  [Foundation+0x1a52c]  -[NSConcreteMapTable setObject:forKey:]+0x6e
C  [AppKit+0x57b75e]  -[NSView(NSOpenGLContextAssociation) _setOpenGLContext:]+0xf2
C  [AppKit+0x2c67d3]  -[NSOpenGLContext setView:]+0x5b
C  [liblwjgl.jnilib+0x9f3e]  -[MacOSXOpenGLView lockFocus]+0x6e
C  [AppKit+0x14e8c5]  -[NSView _recursiveDisplayRectIfNeededIgnoringOpacity:isVisibleRect:rectIsVisibleRectForView:topView:]+0x740
C  [AppKit+0x14f920]  -[NSView _recursiveDisplayRectIfNeededIgnoringOpacity:isVisibleRect:rectIsVisibleRectForView:topView:]+0x179b
C  [AppKit+0x14dc73]  -[NSThemeFrame _recursiveDisplayRectIfNeededIgnoringOpacity:isVisibleRect:rectIsVisibleRectForView:topView:]+0x14d
C  [AppKit+0x14a7cb]  -[NSView _displayRectIgnoringOpacity:isVisibleRect:rectIsVisibleRectForView:]+0xac9
C  [AppKit+0x1291ca]  -[NSView displayIfNeeded]+0x754
C  [AppKit+0x1466c5]  -[NSWindow displayIfNeeded]+0xe8
C  [AppKit+0x1838c2]  _handleWindowNeedsDisplayOrLayoutOrUpdateConstraints+0x3a8
C  [AppKit+0x748d91]  __83-[NSWindow _postWindowNeedsDisplayOrLayoutOrUpdateConstraintsUnlessPostingDisabled]_block_invoke1523+0x2e
C  [CoreFoundation+0x7fd87]  __CFRUNLOOP_IS_CALLING_OUT_TO_AN_OBSERVER_CALLBACK_FUNCTION__+0x17
C  [CoreFoundation+0x7fce0]  __CFRunLoopDoObservers+0x170
C  [CoreFoundation+0x71de8]  __CFRunLoopRun+0x368
C  [CoreFoundation+0x71838]  CFRunLoopRunSpecific+0x128
C  [HIToolbox+0x2e43f]  RunCurrentEventLoopInMode+0xeb
C  [HIToolbox+0x2e0be]  ReceiveNextEventCommon+0xb3
C  [HIToolbox+0x2dffb]  _BlockUntilNextEventMatchingListInModeWithFilter+0x47
C  [AppKit+0x24821]  _DPSNextEvent+0x3c4
C  [AppKit+0x23fd0]  -[NSApplication nextEventMatchingMask:untilDate:inMode:dequeue:]+0xc2
C  [libosxapp.dylib+0x242a]  -[NSApplicationAWT nextEventMatchingMask:untilDate:inMode:dequeue:]+0x7c
C  [AppKit+0x17f73]  -[NSApplication run]+0x252
C  [libosxapp.dylib+0x223e]  +[NSApplicationAWT runAWTLoopWithApp:]+0x9c
C  [libawt_lwawt.dylib+0x4494f]  -[AWTStarter starter:]+0x389
C  [Foundation+0x65f4c]  __NSThreadPerformPerform+0x125
C  [CoreFoundation+0x80661]  __CFRUNLOOP_IS_CALLING_OUT_TO_A_SOURCE0_PERFORM_FUNCTION__+0x11
C  [CoreFoundation+0x727ed]  __CFRunLoopDoSources0+0x10d
C  [CoreFoundation+0x71e1f]  __CFRunLoopRun+0x39f
C  [CoreFoundation+0x71838]  CFRunLoopRunSpecific+0x128
C  [java+0x56cc]  CreateExecutionEnvironment+0x367
C  [java+0x165c]  JLI_Launch+0x7a0
C  [java+0x768a]  main+0x65
C  [java+0xeb4]  start+0x34
C  0x000000000000000b


---------------  P R O C E S S  ---------------

Java Threads: ( => current thread )
  0x00007f9dd3b05800 JavaThread "Thread-1" [_thread_blocked, id=49719, stack(0x0000000121c12000,0x0000000121d12000)]
  0x00007f9dd3123800 JavaThread "AWT-Shutdown" [_thread_blocked, id=41279, stack(0x000000011c5c7000,0x000000011c6c7000)]
  0x00007f9dd313e000 JavaThread "main" [_thread_in_native, id=36899, stack(0x000000011ee2d000,0x000000011ef2d000)]
  0x00007f9dd39b4000 JavaThread "DestroyJavaVM" [_thread_blocked, id=4867, stack(0x0000000105c01000,0x0000000105d01000)]
  0x00007f9dd39b3000 JavaThread "BlueJ worker thread" [_thread_blocked, id=48907, stack(0x000000011ef30000,0x000000011f030000)]
=>0x00007f9dd38b0000 JavaThread "AppKit Thread" daemon [_thread_in_native, id=1811, stack(0x00007fff5acaa000,0x00007fff5b4aa000)]
  0x00007f9dd3881000 JavaThread "Service Thread" daemon [_thread_blocked, id=18179, stack(0x000000011ae54000,0x000000011af54000)]
  0x00007f9dd383c800 JavaThread "C1 CompilerThread1" daemon [_thread_blocked, id=17667, stack(0x000000011ad51000,0x000000011ae51000)]
  0x00007f9dd383d800 JavaThread "C2 CompilerThread0" daemon [_thread_blocked, id=17155, stack(0x000000011ac4e000,0x000000011ad4e000)]
  0x00007f9dd3075000 JavaThread "JDWP Command Reader" daemon [_thread_in_native, id=16643, stack(0x000000011ab4b000,0x000000011ac4b000)]
  0x00007f9dd3074800 JavaThread "JDWP Event Helper Thread" daemon [_thread_blocked, id=16131, stack(0x000000011aa48000,0x000000011ab48000)]
  0x00007f9dd3073800 JavaThread "JDWP Transport Listener: dt_socket" daemon [_thread_blocked, id=15619, stack(0x000000011a945000,0x000000011aa45000)]
  0x00007f9dd3080800 JavaThread "Signal Dispatcher" daemon [_thread_blocked, id=12303, stack(0x000000011a83b000,0x000000011a93b000)]
  0x00007f9dd305f800 JavaThread "Finalizer" daemon [_thread_blocked, id=10499, stack(0x0000000118efd000,0x0000000118ffd000)]
  0x00007f9dd3813800 JavaThread "Reference Handler" daemon [_thread_blocked, id=9987, stack(0x0000000118dfa000,0x0000000118efa000)]

Other Threads:
  0x00007f9dd305f000 VMThread [stack: 0x0000000118cf7000,0x0000000118df7000] [id=9475]
  0x00007f9dd303d000 WatcherThread [stack: 0x000000011af57000,0x000000011b057000] [id=18691]

VM state:not at safepoint (normal execution)

VM Mutex/Monitor currently owned by a thread: None

Heap:
 PSYoungGen      total 18944K, used 10080K [0x00000007aab00000, 0x00000007ac000000, 0x00000007c0000000)
  eden space 16384K, 61% used [0x00000007aab00000,0x00000007ab4d82c8,0x00000007abb00000)
  from space 2560K, 0% used [0x00000007abd80000,0x00000007abd80000,0x00000007ac000000)
  to   space 2560K, 0% used [0x00000007abb00000,0x00000007abb00000,0x00000007abd80000)
 ParOldGen       total 44032K, used 0K [0x0000000780000000, 0x0000000782b00000, 0x00000007aab00000)
  object space 44032K, 0% used [0x0000000780000000,0x0000000780000000,0x0000000782b00000)
 Metaspace       used 6382K, capacity 6557K, committed 6656K, reserved 1056768K
  class space    used 652K, capacity 697K, committed 768K, reserved 1048576K

Card table byte_map: [0x000000011510e000,0x000000011530f000] byte_map_base: 0x000000011150e000

Marking Bits: (ParMarkBitMap*) 0x00000001050f0330
 Begin Bits: [0x000000011566b000, 0x000000011666b000)
 End Bits:   [0x000000011666b000, 0x000000011766b000)

Polling page: 0x00000001057c8000

CodeCache: size=245760Kb used=2144Kb max_used=2144Kb free=243615Kb
 bounds [0x0000000105d4e000, 0x0000000105fbe000, 0x0000000114d4e000]
 total_blobs=857 nmethods=504 adapters=277
 compilation: enabled

Compilation events (10 events):
Event: 33.491 Thread 0x00007f9dd383c800  497       3       org.lwjgl.opengl.GL11::glEnable (19 bytes)
Event: 33.492 Thread 0x00007f9dd383c800 nmethod 497 0x0000000105f60b50 code [0x0000000105f60d40, 0x0000000105f613f8]
Event: 33.657 Thread 0x00007f9dd383c800  499       3       org.lwjgl.opengl.GL11::glTexCoord2f (20 bytes)
Event: 33.658 Thread 0x00007f9dd383c800 nmethod 499 0x0000000105f61b50 code [0x0000000105f61d40, 0x0000000105f62418]
Event: 33.660 Thread 0x00007f9dd383c800  501       3       org.lwjgl.opengl.GL11::glVertex2f (20 bytes)
Event: 33.660 Thread 0x00007f9dd383c800 nmethod 501 0x0000000105f62c10 code [0x0000000105f62e00, 0x0000000105f634d8]
Event: 33.662 Thread 0x00007f9dd383c800  503       3       org.lwjgl.opengl.GL11::glVertex2d (25 bytes)
Event: 33.663 Thread 0x00007f9dd383c800 nmethod 503 0x0000000105f63cd0 code [0x0000000105f63ec0, 0x0000000105f64598]
Event: 33.873 Thread 0x00007f9dd383c800  506       3       java.nio.HeapByteBuffer::put (167 bytes)
Event: 33.874 Thread 0x00007f9dd383c800 nmethod 506 0x0000000105f65110 code [0x0000000105f653a0, 0x0000000105f66738]

GC Heap History (0 events):
No events

Deoptimization events (0 events):
No events

Internal exceptions (10 events):
Event: 31.950 Thread 0x00007f9dd313e000 Exception <a 'java/security/PrivilegedActionException'> (0x00000007ab3cee40) thrown at [/HUDSON3/workspace/8-2-build-macosx-x86_64/jdk8u20/1074/hotspot/src/share/vm/prims/jvm.cpp, line 1275]
Event: 31.950 Thread 0x00007f9dd313e000 Exception <a 'java/security/PrivilegedActionException'> (0x00000007ab3d0f40) thrown at [/HUDSON3/workspace/8-2-build-macosx-x86_64/jdk8u20/1074/hotspot/src/share/vm/prims/jvm.cpp, line 1275]
Event: 31.953 Thread 0x00007f9dd313e000 Exception <a 'java/security/PrivilegedActionException'> (0x00000007ab3f6cc8) thrown at [/HUDSON3/workspace/8-2-build-macosx-x86_64/jdk8u20/1074/hotspot/src/share/vm/prims/jvm.cpp, line 1275]
Event: 31.954 Thread 0x00007f9dd313e000 Exception <a 'java/security/PrivilegedActionException'> (0x00000007ab3fd020) thrown at [/HUDSON3/workspace/8-2-build-macosx-x86_64/jdk8u20/1074/hotspot/src/share/vm/prims/jvm.cpp, line 1275]
Event: 31.954 Thread 0x00007f9dd313e000 Exception <a 'java/security/PrivilegedActionException'> (0x00000007ab4012b8) thrown at [/HUDSON3/workspace/8-2-build-macosx-x86_64/jdk8u20/1074/hotspot/src/share/vm/prims/jvm.cpp, line 1275]
Event: 31.961 Thread 0x00007f9dd313e000 Exception <a 'java/security/PrivilegedActionException'> (0x00000007ab4077f8) thrown at [/HUDSON3/workspace/8-2-build-macosx-x86_64/jdk8u20/1074/hotspot/src/share/vm/prims/jvm.cpp, line 1275]
Event: 31.977 Thread 0x00007f9dd313e000 Exception <a 'java/security/PrivilegedActionException'> (0x00000007ab413000) thrown at [/HUDSON3/workspace/8-2-build-macosx-x86_64/jdk8u20/1074/hotspot/src/share/vm/prims/jvm.cpp, line 1275]
Event: 31.981 Thread 0x00007f9dd313e000 Exception <a 'java/security/PrivilegedActionException'> (0x00000007ab420a50) thrown at [/HUDSON3/workspace/8-2-build-macosx-x86_64/jdk8u20/1074/hotspot/src/share/vm/prims/jvm.cpp, line 1275]
Event: 32.051 Thread 0x00007f9dd313e000 Exception <a 'java/security/PrivilegedActionException'> (0x00000007ab43bef8) thrown at [/HUDSON3/workspace/8-2-build-macosx-x86_64/jdk8u20/1074/hotspot/src/share/vm/prims/jvm.cpp, line 1275]
Event: 32.067 Thread 0x00007f9dd313e000 Exception <a 'java/security/PrivilegedActionException'> (0x00000007ab445b58) thrown at [/HUDSON3/workspace/8-2-build-macosx-x86_64/jdk8u20/1074/hotspot/src/share/vm/prims/jvm.cpp, line 1275]

Events (10 events):
Event: 32.067 loading class org/newdawn/slick/Color
Event: 32.067 loading class org/newdawn/slick/Color done
Event: 32.067 Thread 0x00007f9dd313e000 DEOPT PACKING pc=0x0000000105eec494 sp=0x000000011ef2a970
Event: 32.067 Thread 0x00007f9dd313e000 DEOPT UNPACKING pc=0x0000000105d94f73 sp=0x000000011ef2a7b0 mode 1
Event: 32.067 Thread 0x00007f9dd313e000 DEOPT PACKING pc=0x0000000105eec234 sp=0x000000011ef2ab00
Event: 32.067 Thread 0x00007f9dd313e000 DEOPT UNPACKING pc=0x0000000105d94f73 sp=0x000000011ef2a940 mode 1
Event: 33.021 Executing VM operation: RevokeBias
Event: 33.021 Executing VM operation: RevokeBias done
Event: 33.040 Thread 0x00007f9dd383c800 flushing nmethod 0x0000000105e54790
Event: 33.040 Thread 0x00007f9dd383c800 flushing nmethod 0x0000000105e58790


Dynamic libraries:
0x0000000004281000 	/System/Library/Frameworks/Cocoa.framework/Versions/A/Cocoa
0x0000000004281000 	/System/Library/Frameworks/Security.framework/Versions/A/Security
0x0000000004281000 	/System/Library/Frameworks/ApplicationServices.framework/Versions/A/ApplicationServices
0x0000000004281000 	/usr/lib/libz.1.dylib
0x0000000004281000 	/usr/lib/libSystem.B.dylib
0x0000000004281000 	/usr/lib/libobjc.A.dylib
0x0000000004281000 	/System/Library/Frameworks/CoreFoundation.framework/Versions/A/CoreFoundation
0x0000000004281000 	/System/Library/Frameworks/Foundation.framework/Versions/C/Foundation
0x0000000004281000 	/System/Library/Frameworks/AppKit.framework/Versions/C/AppKit
0x0000000004281000 	/System/Library/Frameworks/CoreData.framework/Versions/A/CoreData
0x0000000004281000 	/System/Library/PrivateFrameworks/RemoteViewServices.framework/Versions/A/RemoteViewServices
0x0000000004281000 	/System/Library/PrivateFrameworks/UIFoundation.framework/Versions/A/UIFoundation
0x0000000004281000 	/System/Library/Frameworks/IOSurface.framework/Versions/A/IOSurface
0x0000000004281000 	/System/Library/Frameworks/AudioToolbox.framework/Versions/A/AudioToolbox
0x0000000004281000 	/System/Library/Frameworks/AudioUnit.framework/Versions/A/AudioUnit
0x0000000004281000 	/System/Library/PrivateFrameworks/DataDetectorsCore.framework/Versions/A/DataDetectorsCore
0x0000000004281000 	/System/Library/PrivateFrameworks/DesktopServicesPriv.framework/Versions/A/DesktopServicesPriv
0x0000000004281000 	/System/Library/Frameworks/Carbon.framework/Versions/A/Frameworks/HIToolbox.framework/Versions/A/HIToolbox
0x0000000004281000 	/System/Library/Frameworks/QuartzCore.framework/Versions/A/QuartzCore
0x0000000004281000 	/System/Library/Frameworks/Carbon.framework/Versions/A/Frameworks/SpeechRecognition.framework/Versions/A/SpeechRecognition
0x0000000004281000 	/usr/lib/libauto.dylib
0x0000000004281000 	/usr/lib/libicucore.A.dylib
0x0000000004281000 	/usr/lib/libxml2.2.dylib
0x0000000004281000 	/System/Library/PrivateFrameworks/CoreUI.framework/Versions/A/CoreUI
0x0000000004281000 	/System/Library/Frameworks/CoreAudio.framework/Versions/A/CoreAudio
0x0000000004281000 	/System/Library/Frameworks/DiskArbitration.framework/Versions/A/DiskArbitration
0x0000000004281000 	/usr/lib/liblangid.dylib
0x0000000004281000 	/System/Library/PrivateFrameworks/MultitouchSupport.framework/Versions/A/MultitouchSupport
0x0000000004281000 	/System/Library/Frameworks/IOKit.framework/Versions/A/IOKit
0x0000000004281000 	/usr/lib/libDiagnosticMessagesClient.dylib
0x0000000004281000 	/System/Library/Frameworks/CoreServices.framework/Versions/A/CoreServices
0x0000000004281000 	/System/Library/PrivateFrameworks/PerformanceAnalysis.framework/Versions/A/PerformanceAnalysis
0x0000000004281000 	/System/Library/PrivateFrameworks/GenerationalStorage.framework/Versions/A/GenerationalStorage
0x0000000004281000 	/System/Library/Frameworks/OpenGL.framework/Versions/A/OpenGL
0x0000000004281000 	/System/Library/PrivateFrameworks/Sharing.framework/Versions/A/Sharing
0x0000000004281000 	/System/Library/Frameworks/CoreGraphics.framework/Versions/A/CoreGraphics
0x0000000004281000 	/System/Library/Frameworks/CoreText.framework/Versions/A/CoreText
0x0000000004281000 	/System/Library/Frameworks/ImageIO.framework/Versions/A/ImageIO
0x0000000004281000 	/usr/lib/libextension.dylib
0x0000000004281000 	/System/Library/PrivateFrameworks/Backup.framework/Versions/A/Backup
0x0000000004281000 	/usr/lib/libarchive.2.dylib
0x0000000004281000 	/System/Library/Frameworks/CFNetwork.framework/Versions/A/CFNetwork
0x0000000004281000 	/System/Library/Frameworks/SystemConfiguration.framework/Versions/A/SystemConfiguration
0x0000000004281000 	/usr/lib/libCRFSuite.dylib
0x0000000004281000 	/usr/lib/libc++.1.dylib
0x0000000004281000 	/usr/lib/libc++abi.dylib
0x0000000004281000 	/usr/lib/system/libcache.dylib
0x0000000004281000 	/usr/lib/system/libcommonCrypto.dylib
0x0000000004281000 	/usr/lib/system/libcompiler_rt.dylib
0x0000000004281000 	/usr/lib/system/libcopyfile.dylib
0x0000000004281000 	/usr/lib/system/libcorecrypto.dylib
0x0000000004281000 	/usr/lib/system/libdispatch.dylib
0x0000000004281000 	/usr/lib/system/libdyld.dylib
0x0000000004281000 	/usr/lib/system/libkeymgr.dylib
0x0000000004281000 	/usr/lib/system/liblaunch.dylib
0x0000000004281000 	/usr/lib/system/libmacho.dylib
0x0000000004281000 	/usr/lib/system/libquarantine.dylib
0x0000000004281000 	/usr/lib/system/libremovefile.dylib
0x0000000004281000 	/usr/lib/system/libsystem_asl.dylib
0x0000000004281000 	/usr/lib/system/libsystem_blocks.dylib
0x0000000004281000 	/usr/lib/system/libsystem_c.dylib
0x0000000004281000 	/usr/lib/system/libsystem_configuration.dylib
0x0000000004281000 	/usr/lib/system/libsystem_coreservices.dylib
0x0000000004281000 	/usr/lib/system/libsystem_coretls.dylib
0x0000000004281000 	/usr/lib/system/libsystem_dnssd.dylib
0x0000000004281000 	/usr/lib/system/libsystem_info.dylib
0x0000000004281000 	/usr/lib/system/libsystem_kernel.dylib
0x0000000004281000 	/usr/lib/system/libsystem_m.dylib
0x0000000004281000 	/usr/lib/system/libsystem_malloc.dylib
0x0000000004281000 	/usr/lib/system/libsystem_network.dylib
0x0000000004281000 	/usr/lib/system/libsystem_networkextension.dylib
0x0000000004281000 	/usr/lib/system/libsystem_notify.dylib
0x0000000004281000 	/usr/lib/system/libsystem_platform.dylib
0x0000000004281000 	/usr/lib/system/libsystem_pthread.dylib
0x0000000004281000 	/usr/lib/system/libsystem_sandbox.dylib
0x0000000004281000 	/usr/lib/system/libsystem_secinit.dylib
0x0000000004281000 	/usr/lib/system/libsystem_stats.dylib
0x0000000004281000 	/usr/lib/system/libsystem_trace.dylib
0x0000000004281000 	/usr/lib/system/libunc.dylib
0x0000000004281000 	/usr/lib/system/libunwind.dylib
0x0000000004281000 	/usr/lib/system/libxpc.dylib
0x0000000004281000 	/usr/lib/libbz2.1.0.dylib
0x0000000004281000 	/usr/lib/liblzma.5.dylib
0x0000000004281000 	/usr/lib/libbsm.0.dylib
0x0000000004281000 	/usr/lib/libsqlite3.dylib
0x0000000004281000 	/usr/lib/system/libkxld.dylib
0x0000000004281000 	/usr/lib/libxar.1.dylib
0x0000000004281000 	/usr/lib/libpam.2.dylib
0x0000000004281000 	/usr/lib/libOpenScriptingUtil.dylib
0x0000000004281000 	/System/Library/Frameworks/CoreServices.framework/Versions/A/Frameworks/FSEvents.framework/Versions/A/FSEvents
0x0000000004281000 	/System/Library/Frameworks/CoreServices.framework/Versions/A/Frameworks/CarbonCore.framework/Versions/A/CarbonCore
0x0000000004281000 	/System/Library/Frameworks/CoreServices.framework/Versions/A/Frameworks/Metadata.framework/Versions/A/Metadata
0x0000000004281000 	/System/Library/Frameworks/CoreServices.framework/Versions/A/Frameworks/OSServices.framework/Versions/A/OSServices
0x0000000004281000 	/System/Library/Frameworks/CoreServices.framework/Versions/A/Frameworks/SearchKit.framework/Versions/A/SearchKit
0x0000000004281000 	/System/Library/Frameworks/CoreServices.framework/Versions/A/Frameworks/AE.framework/Versions/A/AE
0x0000000004281000 	/System/Library/Frameworks/CoreServices.framework/Versions/A/Frameworks/LaunchServices.framework/Versions/A/LaunchServices
0x0000000004281000 	/System/Library/Frameworks/CoreServices.framework/Versions/A/Frameworks/DictionaryServices.framework/Versions/A/DictionaryServices
0x0000000004281000 	/System/Library/Frameworks/NetFS.framework/Versions/A/NetFS
0x0000000004281000 	/System/Library/PrivateFrameworks/NetAuth.framework/Versions/A/NetAuth
0x0000000004281000 	/System/Library/PrivateFrameworks/login.framework/Versions/A/Frameworks/loginsupport.framework/Versions/A/loginsupport
0x0000000004281000 	/System/Library/PrivateFrameworks/TCC.framework/Versions/A/TCC
0x0000000004281000 	/usr/lib/libmecabra.dylib
0x0000000004281000 	/System/Library/PrivateFrameworks/LanguageModeling.framework/Versions/A/LanguageModeling
0x0000000004281000 	/usr/lib/libcmph.dylib
0x0000000004281000 	/usr/lib/libiconv.2.dylib
0x0000000004281000 	/System/Library/Frameworks/OpenDirectory.framework/Versions/A/Frameworks/CFOpenDirectory.framework/Versions/A/CFOpenDirectory
0x0000000004281000 	/System/Library/Frameworks/ServiceManagement.framework/Versions/A/ServiceManagement
0x0000000004281000 	/usr/lib/libxslt.1.dylib
0x0000000004281000 	/System/Library/Frameworks/Carbon.framework/Versions/A/Frameworks/Ink.framework/Versions/A/Ink
0x0000000004281000 	/System/Library/Frameworks/ApplicationServices.framework/Versions/A/Frameworks/ATS.framework/Versions/A/ATS
0x0000000004281000 	/System/Library/Frameworks/ApplicationServices.framework/Versions/A/Frameworks/ColorSync.framework/Versions/A/ColorSync
0x0000000004281000 	/System/Library/Frameworks/ApplicationServices.framework/Versions/A/Frameworks/HIServices.framework/Versions/A/HIServices
0x0000000004281000 	/System/Library/Frameworks/ApplicationServices.framework/Versions/A/Frameworks/LangAnalysis.framework/Versions/A/LangAnalysis
0x0000000004281000 	/System/Library/Frameworks/ApplicationServices.framework/Versions/A/Frameworks/PrintCore.framework/Versions/A/PrintCore
0x0000000004281000 	/System/Library/Frameworks/ApplicationServices.framework/Versions/A/Frameworks/QD.framework/Versions/A/QD
0x0000000004281000 	/System/Library/Frameworks/ApplicationServices.framework/Versions/A/Frameworks/SpeechSynthesis.framework/Versions/A/SpeechSynthesis
0x0000000004281000 	/System/Library/Frameworks/Accelerate.framework/Versions/A/Accelerate
0x0000000004281000 	/System/Library/Frameworks/Accelerate.framework/Versions/A/Frameworks/vImage.framework/Versions/A/vImage
0x0000000004281000 	/System/Library/Frameworks/Accelerate.framework/Versions/A/Frameworks/vecLib.framework/Versions/A/vecLib
0x0000000004281000 	/System/Library/Frameworks/Accelerate.framework/Versions/A/Frameworks/vecLib.framework/Versions/A/libvDSP.dylib
0x0000000004281000 	/System/Library/Frameworks/Accelerate.framework/Versions/A/Frameworks/vecLib.framework/Versions/A/libvMisc.dylib
0x0000000004281000 	/System/Library/Frameworks/Accelerate.framework/Versions/A/Frameworks/vecLib.framework/Versions/A/libLAPACK.dylib
0x0000000004281000 	/System/Library/Frameworks/Accelerate.framework/Versions/A/Frameworks/vecLib.framework/Versions/A/libBLAS.dylib
0x0000000004281000 	/System/Library/Frameworks/Accelerate.framework/Versions/A/Frameworks/vecLib.framework/Versions/A/libLinearAlgebra.dylib
0x0000000004281000 	/System/Library/Frameworks/ApplicationServices.framework/Versions/A/Frameworks/ATS.framework/Versions/A/Resources/libFontParser.dylib
0x0000000004281000 	/System/Library/Frameworks/ApplicationServices.framework/Versions/A/Frameworks/ATS.framework/Versions/A/Resources/libFontRegistry.dylib
0x0000000004281000 	/System/Library/PrivateFrameworks/AppleVPA.framework/Versions/A/AppleVPA
0x0000000004281000 	/System/Library/PrivateFrameworks/AppleJPEG.framework/Versions/A/AppleJPEG
0x0000000004281000 	/System/Library/Frameworks/ImageIO.framework/Versions/A/Resources/libJPEG.dylib
0x0000000004281000 	/System/Library/Frameworks/ImageIO.framework/Versions/A/Resources/libTIFF.dylib
0x0000000004281000 	/System/Library/Frameworks/ImageIO.framework/Versions/A/Resources/libPng.dylib
0x0000000004281000 	/System/Library/Frameworks/ImageIO.framework/Versions/A/Resources/libGIF.dylib
0x0000000004281000 	/System/Library/Frameworks/ImageIO.framework/Versions/A/Resources/libJP2.dylib
0x0000000004281000 	/System/Library/Frameworks/ImageIO.framework/Versions/A/Resources/libRadiance.dylib
0x0000000004281000 	/System/Library/Frameworks/CoreVideo.framework/Versions/A/CoreVideo
0x0000000004281000 	/System/Library/Frameworks/OpenGL.framework/Versions/A/Libraries/libGLU.dylib
0x0000000004281000 	/System/Library/Frameworks/OpenGL.framework/Versions/A/Libraries/libGFXShared.dylib
0x0000000004281000 	/System/Library/Frameworks/OpenGL.framework/Versions/A/Libraries/libGL.dylib
0x0000000004281000 	/System/Library/Frameworks/OpenGL.framework/Versions/A/Libraries/libGLImage.dylib
0x0000000004281000 	/System/Library/Frameworks/OpenGL.framework/Versions/A/Libraries/libCVMSPluginSupport.dylib
0x0000000004281000 	/System/Library/Frameworks/OpenGL.framework/Versions/A/Libraries/libCoreVMClient.dylib
0x0000000004281000 	/usr/lib/libcups.2.dylib
0x0000000004281000 	/System/Library/Frameworks/Kerberos.framework/Versions/A/Kerberos
0x0000000004281000 	/System/Library/Frameworks/GSS.framework/Versions/A/GSS
0x0000000004281000 	/usr/lib/libresolv.9.dylib
0x0000000004281000 	/System/Library/PrivateFrameworks/Heimdal.framework/Versions/A/Heimdal
0x0000000004281000 	/usr/lib/libheimdal-asn1.dylib
0x0000000004281000 	/System/Library/Frameworks/OpenDirectory.framework/Versions/A/OpenDirectory
0x0000000004281000 	/System/Library/PrivateFrameworks/CommonAuth.framework/Versions/A/CommonAuth
0x0000000004281000 	/System/Library/Frameworks/SecurityFoundation.framework/Versions/A/SecurityFoundation
0x0000000004281000 	/System/Library/Frameworks/QuartzCore.framework/Versions/A/Frameworks/CoreImage.framework/Versions/A/CoreImage
0x0000000004281000 	/System/Library/PrivateFrameworks/CrashReporterSupport.framework/Versions/A/CrashReporterSupport
0x0000000004281000 	/System/Library/Frameworks/OpenCL.framework/Versions/A/OpenCL
0x0000000004281000 	/System/Library/PrivateFrameworks/FaceCore.framework/Versions/A/FaceCore
0x0000000004281000 	/System/Library/PrivateFrameworks/Ubiquity.framework/Versions/A/Ubiquity
0x0000000004281000 	/System/Library/PrivateFrameworks/IconServices.framework/Versions/A/IconServices
0x0000000004281000 	/System/Library/PrivateFrameworks/ChunkingLibrary.framework/Versions/A/ChunkingLibrary
0x0000000004281000 	/System/Library/PrivateFrameworks/Apple80211.framework/Versions/A/Apple80211
0x0000000004281000 	/System/Library/Frameworks/CoreWLAN.framework/Versions/A/CoreWLAN
0x0000000004281000 	/System/Library/Frameworks/IOBluetooth.framework/Versions/A/IOBluetooth
0x0000000004281000 	/System/Library/PrivateFrameworks/CoreWiFi.framework/Versions/A/CoreWiFi
0x0000000004281000 	/System/Library/Frameworks/CoreBluetooth.framework/Versions/A/CoreBluetooth
0x0000000004281000 	/System/Library/PrivateFrameworks/DebugSymbols.framework/Versions/A/DebugSymbols
0x0000000004281000 	/System/Library/PrivateFrameworks/CoreSymbolication.framework/Versions/A/CoreSymbolication
0x0000000004281000 	/System/Library/PrivateFrameworks/Symbolication.framework/Versions/A/Symbolication
0x0000000004281000 	/System/Library/PrivateFrameworks/SpeechRecognitionCore.framework/Versions/A/SpeechRecognitionCore
0x0000000104854000 	/Applications/BlueJ 3.1.4/BlueJ.app/Contents/Frameworks/jdk.framework/Versions/A/Contents/Home/jre/lib/server/libjvm.dylib
0x0000000004281000 	/usr/lib/libstdc++.6.dylib
0x0000000105786000 	/Applications/BlueJ 3.1.4/BlueJ.app/Contents/Frameworks/jdk.framework/Versions/A/Contents/Home/jre/lib/libverify.dylib
0x0000000105794000 	/Applications/BlueJ 3.1.4/BlueJ.app/Contents/Frameworks/jdk.framework/Versions/A/Contents/Home/jre/lib/libjava.dylib
0x0000000105d03000 	/Applications/BlueJ 3.1.4/BlueJ.app/Contents/Frameworks/jdk.framework/Versions/A/Contents/Home/jre/lib/libjdwp.dylib
0x00000001057c9000 	/Applications/BlueJ 3.1.4/BlueJ.app/Contents/Frameworks/jdk.framework/Versions/A/Contents/Home/jre/lib/libnpt.dylib
0x00000001057d6000 	/Applications/BlueJ 3.1.4/BlueJ.app/Contents/Frameworks/jdk.framework/Versions/A/Contents/Home/jre/lib/libzip.dylib
0x0000000118fff000 	/System/Library/Frameworks/JavaVM.framework/Frameworks/JavaRuntimeSupport.framework/JavaRuntimeSupport
0x0000000119017000 	/System/Library/Frameworks/JavaVM.framework/Versions/A/Frameworks/JavaNativeFoundation.framework/Versions/A/JavaNativeFoundation
0x000000011902c000 	/System/Library/Frameworks/JavaVM.framework/Versions/A/JavaVM
0x0000000004281000 	/System/Library/Frameworks/Carbon.framework/Versions/A/Carbon
0x00000001057f4000 	/System/Library/PrivateFrameworks/JavaLaunching.framework/Versions/A/JavaLaunching
0x0000000004281000 	/System/Library/Frameworks/Carbon.framework/Versions/A/Frameworks/CommonPanels.framework/Versions/A/CommonPanels
0x0000000004281000 	/System/Library/Frameworks/Carbon.framework/Versions/A/Frameworks/Help.framework/Versions/A/Help
0x0000000004281000 	/System/Library/Frameworks/Carbon.framework/Versions/A/Frameworks/ImageCapture.framework/Versions/A/ImageCapture
0x0000000004281000 	/System/Library/Frameworks/Carbon.framework/Versions/A/Frameworks/OpenScripting.framework/Versions/A/OpenScripting
0x0000000004281000 	/System/Library/Frameworks/Carbon.framework/Versions/A/Frameworks/Print.framework/Versions/A/Print
0x0000000004281000 	/System/Library/Frameworks/Carbon.framework/Versions/A/Frameworks/SecurityHI.framework/Versions/A/SecurityHI
0x000000011a93d000 	/Applications/BlueJ 3.1.4/BlueJ.app/Contents/Frameworks/jdk.framework/Versions/A/Contents/Home/jre/lib/libdt_socket.dylib
0x000000011b0a9000 	/Applications/BlueJ 3.1.4/BlueJ.app/Contents/Frameworks/jdk.framework/Versions/A/Contents/Home/jre/lib/libawt.dylib
0x000000011b158000 	/Applications/BlueJ 3.1.4/BlueJ.app/Contents/Frameworks/jdk.framework/Versions/A/Contents/Home/jre/lib/./libmlib_image.dylib
0x000000011b224000 	/Applications/BlueJ 3.1.4/BlueJ.app/Contents/Frameworks/jdk.framework/Versions/A/Contents/Home/jre/lib/libawt_lwawt.dylib
0x000000011b2d7000 	/Applications/BlueJ 3.1.4/BlueJ.app/Contents/Frameworks/jdk.framework/Versions/A/Contents/Home/jre/lib/./libosxapp.dylib
0x0000000004281000 	/System/Library/Frameworks/ExceptionHandling.framework/Versions/A/ExceptionHandling
0x0000000004281000 	/System/Library/PrivateFrameworks/CoreServicesInternal.framework/Versions/A/CoreServicesInternal
0x0000000004281000 	/System/Library/PrivateFrameworks/CloudDocs.framework/Versions/A/CloudDocs
0x0000000004281000 	/System/Library/PrivateFrameworks/CoreDuet.framework/Versions/A/CoreDuet
0x0000000004281000 	/System/Library/Frameworks/CloudKit.framework/Versions/A/CloudKit
0x0000000004281000 	/System/Library/PrivateFrameworks/ProtocolBuffer.framework/Versions/A/ProtocolBuffer
0x0000000004281000 	/System/Library/PrivateFrameworks/CoreDuetDaemonProtocol.framework/Versions/A/CoreDuetDaemonProtocol
0x0000000004281000 	/System/Library/PrivateFrameworks/CoreDuetDebugLogging.framework/Versions/A/CoreDuetDebugLogging
0x0000000004281000 	/System/Library/Frameworks/CoreLocation.framework/Versions/A/CoreLocation
0x0000000004281000 	/System/Library/Frameworks/Accounts.framework/Versions/A/Accounts
0x0000000004281000 	/System/Library/PrivateFrameworks/ApplePushService.framework/Versions/A/ApplePushService
0x0000000004281000 	/System/Library/PrivateFrameworks/GeoServices.framework/Versions/A/GeoServices
0x0000000004281000 	/System/Library/PrivateFrameworks/OAuth.framework/Versions/A/OAuth
0x0000000004281000 	/System/Library/PrivateFrameworks/CoreDaemon.framework/Versions/B/CoreDaemon
0x0000000004281000 	/usr/lib/libcrypto.0.9.8.dylib
0x0000000004281000 	/System/Library/PrivateFrameworks/AppleSRP.framework/Versions/A/AppleSRP
0x0000000004281000 	/System/Library/PrivateFrameworks/TrustEvaluationAgent.framework/Versions/A/TrustEvaluationAgent
0x0000000004281000 	/System/Library/Frameworks/CoreGraphics.framework/Versions/A/Resources/libCGCMS.A.dylib
0x0000000004281000 	/System/Library/CoreServices/RawCamera.bundle/Contents/MacOS/RawCamera
0x0000000004281000 	/System/Library/Frameworks/CoreGraphics.framework/Versions/A/Resources/libRIP.A.dylib
0x0000000004281000 	/System/Library/Frameworks/CoreGraphics.framework/Versions/A/Resources/libCGXType.A.dylib
0x0000000004281000 	/System/Library/Frameworks/OpenCL.framework/Versions/A/Libraries/libcldcpuengine.dylib
0x0000000004281000 	/System/Library/PrivateFrameworks/DiskImages.framework/Versions/A/DiskImages
0x0000000004281000 	/System/Library/Frameworks/DiscRecording.framework/Versions/A/DiscRecording
0x0000000004281000 	/usr/lib/libcsfde.dylib
0x0000000004281000 	/usr/lib/libcurl.4.dylib
0x0000000004281000 	/System/Library/PrivateFrameworks/MediaKit.framework/Versions/A/MediaKit
0x0000000004281000 	/System/Library/PrivateFrameworks/ProtectedCloudStorage.framework/Versions/A/ProtectedCloudStorage
0x0000000004281000 	/usr/lib/libCoreStorage.dylib
0x0000000004281000 	/System/Library/PrivateFrameworks/EFILogin.framework/Versions/A/EFILogin
0x0000000004281000 	/usr/lib/libutil.dylib
0x0000000004281000 	/System/Library/PrivateFrameworks/FindMyDevice.framework/Versions/A/FindMyDevice
0x0000000004281000 	/System/Library/Frameworks/LDAP.framework/Versions/A/LDAP
0x0000000004281000 	/usr/lib/libsasl2.2.dylib
0x000000011da7a000 	cl_kernels
0x000000011daff000 	/System/Library/Frameworks/OpenCL.framework/Versions/A/Libraries/ImageFormats/unorm8_bgra.dylib
0x000000011da6b000 	cl_kernels
0x0000000004281000 	/System/Library/PrivateFrameworks/FamilyControls.framework/Versions/A/FamilyControls
0x0000000004281000 	/System/Library/PrivateFrameworks/CommerceKit.framework/Versions/A/Frameworks/CommerceCore.framework/Versions/A/CommerceCore
0x0000000004281000 	/System/Library/PrivateFrameworks/SystemAdministration.framework/Versions/A/SystemAdministration
0x0000000004281000 	/System/Library/PrivateFrameworks/AppContainer.framework/Versions/A/AppContainer
0x0000000004281000 	/System/Library/PrivateFrameworks/SecCodeWrapper.framework/Versions/A/SecCodeWrapper
0x0000000004281000 	/System/Library/Frameworks/DirectoryService.framework/Versions/A/DirectoryService
0x0000000004281000 	/System/Library/PrivateFrameworks/LoginUIKit.framework/Versions/A/Frameworks/LoginUICore.framework/Versions/A/LoginUICore
0x0000000004281000 	/usr/lib/libodfde.dylib
0x000000011edc6000 	/Applications/BlueJ 3.1.4/BlueJ.app/Contents/Frameworks/jdk.framework/Versions/A/Contents/Home/jre/lib/libfontmanager.dylib
0x00000001190a1000 	/Users/ssebs/Desktop/OpenGL Framework/liblwjgl.jnilib
0x0000000119120000 	/Applications/BlueJ 3.1.4/BlueJ.app/Contents/Frameworks/jdk.framework/Versions/A/Contents/Home/jre/lib/libjawt.dylib
0x0000000004281000 	/System/Library/Frameworks/OpenGL.framework/Versions/A/Resources/GLEngine.bundle/GLEngine
0x0000000004281000 	/System/Library/Frameworks/OpenGL.framework/Versions/A/Libraries/libGLProgrammability.dylib
0x0000000000000000 	/System/Library/Extensions/GeForceTeslaGLDriver.bundle/Contents/MacOS/GeForceTeslaGLDriver
0x000000011f05c000 	/System/Library/Extensions/GeForceTeslaGLDriver.bundle/Contents/MacOS/libclh.dylib
0x00000001191a6000 	/System/Library/PrivateFrameworks/GPUSupport.framework/Versions/A/Libraries/libGPUSupport.dylib
0x0000000004281000 	/System/Library/Frameworks/OpenGL.framework/Versions/A/Resources/GLRendererFloat.bundle/GLRendererFloat

VM Arguments:
jvm_args: -ea -Djavafx.macosx.embedded=true -agentlib:jdwp=transport=dt_socket,address=127.0.0.1:63706 -Dfile.encoding=UTF-8 
java_command: bluej.runtime.ExecServer UTF-8
java_class_path (initial): /Applications/BlueJ 3.1.4/BlueJ.app/Contents/Resources/Java/bluejcore.jar:/Applications/BlueJ 3.1.4/BlueJ.app/Contents/Resources/Java/junit-4.8.2.jar:/Users/ssebs/Documents/EclipseProjects/lwjgl-2.9.1/jar/lwjgl_util.jar:/Users/ssebs/Documents/EclipseProjects/lwjgl-2.9.1/jar/lwjgl_test.jar:/Users/ssebs/Documents/EclipseProjects/lwjgl-2.9.1/jar/lwjgl.jar:/Users/ssebs/Documents/EclipseProjects/lwjgl-2.9.1/jar/slick.jar:/Applications/BlueJ 3.1.4/BlueJ.app/Contents/Resources/Java/userlib/AppleJavaExtensions.jar:/Applications/BlueJ 3.1.4/BlueJ.app/Contents/Resources/Java/userlib/asm-debug-all.jar:/Applications/BlueJ 3.1.4/BlueJ.app/Contents/Resources/Java/userlib/jinput.jar:/Applications/BlueJ 3.1.4/BlueJ.app/Contents/Resources/Java/userlib/lwjgl-debug.jar:/Applications/BlueJ 3.1.4/BlueJ.app/Contents/Resources/Java/userlib/lwjgl.jar:/Applications/BlueJ 3.1.4/BlueJ.app/Contents/Resources/Java/userlib/lwjgl_test.jar:/Applications/BlueJ 3.1.4/BlueJ.app/Contents/Resources/Java/userlib/lwjgl_util.jar:/Applications/BlueJ 3.1.4/BlueJ.app/Contents/Resources/Java/userlib/lwjgl_util_applet.jar:/Applications/BlueJ 3.1.4/BlueJ.app/Contents/Resources/Java/userlib/lzma.jar:/Applications/BlueJ 3.1.4/BlueJ.app/Contents/Resources/Java/userlib/pi4j-core.jar:/Applications/BlueJ 3.1.4/BlueJ.app/Contents/Resources/Java/userlib/pi4j-device.jar:/Applications/BlueJ 3.1.4/BlueJ.app/Contents/Resources/Java/userlib/pi4j-gpio-extension.jar:/Applications/BlueJ 3.1.4/BlueJ.app/Contents/Resources/Java/userlib/pi4j-service.jar
Launcher Type: SUN_STANDARD

Environment Variables:
PATH=/usr/bin:/bin:/usr/sbin:/sbin
SHELL=/bin/bash
DISPLAY=/private/tmp/com.apple.launchd.5hwQFJc6c3/org.macosforge.xquartz:0

Signal Handlers:
SIGSEGV: [libjvm.dylib+0x578fd7], sa_mask[0]=11111111011111110111111111111111, sa_flags=SA_ONSTACK|SA_RESTART|SA_SIGINFO
SIGBUS: [libjvm.dylib+0x578fd7], sa_mask[0]=11111111011111110111111111111111, sa_flags=SA_RESTART|SA_SIGINFO
SIGFPE: [libjvm.dylib+0x45ab0c], sa_mask[0]=11111111011111110111111111111111, sa_flags=SA_RESTART|SA_SIGINFO
SIGPIPE: [libjvm.dylib+0x45ab0c], sa_mask[0]=11111111011111110111111111111111, sa_flags=SA_RESTART|SA_SIGINFO
SIGXFSZ: [libjvm.dylib+0x45ab0c], sa_mask[0]=11111111011111110111111111111111, sa_flags=SA_RESTART|SA_SIGINFO
SIGILL: [libjvm.dylib+0x45ab0c], sa_mask[0]=11111111011111110111111111111111, sa_flags=SA_RESTART|SA_SIGINFO
SIGUSR1: SIG_DFL, sa_mask[0]=00000000000000000000000000000000, sa_flags=none
SIGUSR2: [libjvm.dylib+0x45a62a], sa_mask[0]=00100000000000000000000000000000, sa_flags=SA_RESTART|SA_SIGINFO
SIGHUP: [libjvm.dylib+0x458bfd], sa_mask[0]=11111111011111110111111111111111, sa_flags=SA_RESTART|SA_SIGINFO
SIGINT: [libjvm.dylib+0x458bfd], sa_mask[0]=11111111011111110111111111111111, sa_flags=SA_RESTART|SA_SIGINFO
SIGTERM: [libjvm.dylib+0x458bfd], sa_mask[0]=11111111011111110111111111111111, sa_flags=SA_RESTART|SA_SIGINFO
SIGQUIT: [libjvm.dylib+0x458bfd], sa_mask[0]=11111111011111110111111111111111, sa_flags=SA_RESTART|SA_SIGINFO


---------------  S Y S T E M  ---------------

OS:Bsduname:Darwin 14.0.0 Darwin Kernel Version 14.0.0: Fri Sep 19 00:26:44 PDT 2014; root:xnu-2782.1.97~2/RELEASE_X86_64 x86_64
rlimit: STACK 8192k, CORE 0k, NPROC 709, NOFILE 10240, AS infinity
load average:2.27 2.64 5.19

CPU:total 2 (2 cores per cpu, 1 threads per core) family 6 model 23 stepping 6, cmov, cx8, fxsr, mmx, sse, sse2, sse3, ssse3, sse4.1, tsc

Memory: 4k page, physical 4194304k(92836k free)

/proc/meminfo:


vm_info: Java HotSpot(TM) 64-Bit Server VM (25.20-b23) for bsd-amd64 JRE (1.8.0_20-b26), built on Jul 30 2014 13:37:47 by "java_re" with gcc 4.2.1 (Based on Apple Inc. build 5658) (LLVM build 2336.9.00)

time: Thu Nov 20 15:58:45 2014
elapsed time: 34 seconds (0d 0h 0m 34s)

